  sample.cpp
C:\Users\matth\OneDrive\Documents\Computer Science Degree\CS 457 Shaders\Final Project\Sample2022\sample.cpp(429,16): warning C4244: 'initializing': conversion from 'double' to 'float', possible loss of data
C:\Users\matth\OneDrive\Documents\Computer Science Degree\CS 457 Shaders\Final Project\Sample2022\sample.cpp(599,35): warning C4305: 'argument': truncation from 'double' to 'float'
C:\Users\matth\OneDrive\Documents\Computer Science Degree\CS 457 Shaders\Final Project\Sample2022\sample.cpp(601,35): warning C4305: 'argument': truncation from 'double' to 'float'
C:\Users\matth\OneDrive\Documents\Computer Science Degree\CS 457 Shaders\Final Project\Sample2022\sample.cpp(703,17): warning C4305: 'initializing': truncation from 'double' to 'float'
C:\Users\matth\OneDrive\Documents\Computer Science Degree\CS 457 Shaders\Final Project\Sample2022\sample.cpp(1318,27): warning C4305: 'argument': truncation from 'double' to 'float'
C:\Users\matth\OneDrive\Documents\Computer Science Degree\CS 457 Shaders\Final Project\Sample2022\sample.cpp(1319,27): warning C4305: 'argument': truncation from 'double' to 'float'
C:\Users\matth\OneDrive\Documents\Computer Science Degree\CS 457 Shaders\Final Project\Sample2022\sample.cpp(1320,27): warning C4305: 'argument': truncation from 'double' to 'float'
C:\Users\matth\OneDrive\Documents\Computer Science Degree\CS 457 Shaders\Final Project\Sample2022\sample.cpp(1324,27): warning C4305: 'argument': truncation from 'double' to 'float'
C:\Users\matth\OneDrive\Documents\Computer Science Degree\CS 457 Shaders\Final Project\Sample2022\sample.cpp(1325,27): warning C4305: 'argument': truncation from 'double' to 'float'
C:\Users\matth\OneDrive\Documents\Computer Science Degree\CS 457 Shaders\Final Project\Sample2022\sample.cpp(1327,27): warning C4305: 'argument': truncation from 'double' to 'float'
C:\Users\matth\OneDrive\Documents\Computer Science Degree\CS 457 Shaders\Final Project\Sample2022\sample.cpp(1328,28): warning C4305: 'argument': truncation from 'double' to 'float'
C:\Users\matth\OneDrive\Documents\Computer Science Degree\CS 457 Shaders\Final Project\Sample2022\sample.cpp(1329,28): warning C4305: 'argument': truncation from 'double' to 'float'
C:\Users\matth\OneDrive\Documents\Computer Science Degree\CS 457 Shaders\Final Project\Sample2022\sample.cpp(1338,27): warning C4305: 'argument': truncation from 'double' to 'float'
C:\Users\matth\OneDrive\Documents\Computer Science Degree\CS 457 Shaders\Final Project\Sample2022\sample.cpp(1339,27): warning C4305: 'argument': truncation from 'double' to 'float'
C:\Users\matth\OneDrive\Documents\Computer Science Degree\CS 457 Shaders\Final Project\Sample2022\sample.cpp(1340,27): warning C4305: 'argument': truncation from 'double' to 'float'
C:\Users\matth\OneDrive\Documents\Computer Science Degree\CS 457 Shaders\Final Project\Sample2022\sample.cpp(1341,27): warning C4305: 'argument': truncation from 'double' to 'float'
C:\Users\matth\OneDrive\Documents\Computer Science Degree\CS 457 Shaders\Final Project\Sample2022\sample.cpp(1347,22): warning C4305: 'argument': truncation from 'double' to 'float'
C:\Users\matth\OneDrive\Documents\Computer Science Degree\CS 457 Shaders\Final Project\Sample2022\sample.cpp(1353,22): warning C4305: 'argument': truncation from 'double' to 'float'
C:\Users\matth\OneDrive\Documents\Computer Science Degree\CS 457 Shaders\Final Project\Sample2022\sample.cpp(1359,22): warning C4305: 'argument': truncation from 'double' to 'float'
C:\Users\matth\OneDrive\Documents\Computer Science Degree\CS 457 Shaders\Final Project\Sample2022\sample.cpp(1361,22): warning C4305: 'argument': truncation from 'double' to 'float'
C:\Users\matth\OneDrive\Documents\Computer Science Degree\CS 457 Shaders\Final Project\Sample2022\sample.cpp(1366,21): warning C4305: 'argument': truncation from 'double' to 'float'
C:\Users\matth\OneDrive\Documents\Computer Science Degree\CS 457 Shaders\Final Project\Sample2022\sample.cpp(1367,21): warning C4305: 'argument': truncation from 'double' to 'float'
C:\Users\matth\OneDrive\Documents\Computer Science Degree\CS 457 Shaders\Final Project\Sample2022\sample.cpp(1374,21): warning C4305: 'argument': truncation from 'double' to 'float'
C:\Users\matth\OneDrive\Documents\Computer Science Degree\CS 457 Shaders\Final Project\Sample2022\sample.cpp(1380,21): warning C4305: 'argument': truncation from 'double' to 'float'
C:\Users\matth\OneDrive\Documents\Computer Science Degree\CS 457 Shaders\Final Project\Sample2022\sample.cpp(1386,21): warning C4305: 'argument': truncation from 'double' to 'float'
C:\Users\matth\OneDrive\Documents\Computer Science Degree\CS 457 Shaders\Final Project\Sample2022\sample.cpp(1392,20): warning C4305: 'argument': truncation from 'double' to 'float'
C:\Users\matth\OneDrive\Documents\Computer Science Degree\CS 457 Shaders\Final Project\Sample2022\sample.cpp(1398,20): warning C4305: 'argument': truncation from 'double' to 'float'
sample.obj : warning LNK4075: ignoring '/EDITANDCONTINUE' due to '/INCREMENTAL:NO' specification
  Sample.vcxproj -> C:\Users\matth\OneDrive\Documents\Computer Science Degree\CS 457 Shaders\Final Project\Sample2022\Debug\Sample.exe
